{
  "RSpec": {
    "coverage": {
      "/home/matz/Documents/playground/Tech Assessments/SP Test - Ruby/ruby_app/spec/integration/command_line_interface_spec.rb": {
        "lines": [
          null,
          null,
          1,
          1,
          null,
          1,
          2,
          1,
          2,
          null,
          1,
          2,
          1,
          1,
          null,
          null,
          null,
          null,
          null,
          2,
          2,
          null,
          null
        ]
      },
      "/home/matz/Documents/playground/Tech Assessments/SP Test - Ruby/ruby_app/spec/integration/features/all_spec.rb": {
        "lines": [
          null,
          null,
          1,
          1,
          null,
          1,
          2,
          2,
          2,
          2,
          2,
          1,
          1,
          null,
          null,
          2,
          null
        ]
      },
      "/home/matz/Documents/playground/Tech Assessments/SP Test - Ruby/ruby_app/spec/integration/features/hits_spec.rb": {
        "lines": [
          null,
          null,
          1,
          1,
          null,
          1,
          2,
          2,
          2,
          2,
          2,
          2,
          null,
          2,
          null
        ]
      },
      "/home/matz/Documents/playground/Tech Assessments/SP Test - Ruby/ruby_app/spec/integration/features/uniques_spec.rb": {
        "lines": [
          null,
          null,
          1,
          1,
          null,
          1,
          2,
          2,
          2,
          null,
          2,
          null,
          2,
          2,
          null,
          2,
          null
        ]
      },
      "/home/matz/Documents/playground/Tech Assessments/SP Test - Ruby/ruby_app/spec/lib/file_handler_spec.rb": {
        "lines": [
          null,
          null,
          1,
          1,
          null,
          1,
          2,
          2,
          3,
          3,
          3,
          null,
          1,
          2,
          2,
          null,
          1,
          1,
          1,
          null,
          null,
          null,
          1,
          2,
          2,
          null,
          1,
          1,
          1,
          null,
          null,
          null
        ]
      },
      "/home/matz/Documents/playground/Tech Assessments/SP Test - Ruby/ruby_app/lib/file_handler.rb": {
        "lines": [
          null,
          null,
          1,
          null,
          null,
          1,
          1,
          null,
          1,
          6,
          6,
          6,
          6,
          null,
          null,
          1,
          6,
          6,
          6,
          6,
          null,
          null,
          1,
          null,
          1,
          null,
          1,
          4,
          null,
          null,
          1,
          12,
          null,
          null,
          1,
          6,
          null,
          2,
          0,
          2,
          0,
          null,
          2,
          null,
          null,
          null,
          1,
          2,
          null,
          0,
          null,
          0,
          null,
          11,
          null,
          null,
          null
        ]
      },
      "/home/matz/Documents/playground/Tech Assessments/SP Test - Ruby/ruby_app/lib/data_extractors/base.rb": {
        "lines": [
          null,
          null,
          1,
          null,
          1,
          null,
          1,
          1,
          null,
          1,
          6,
          null,
          null,
          1,
          6,
          6,
          null,
          null,
          1,
          5,
          null,
          520,
          null,
          null,
          1,
          1,
          1,
          null,
          null,
          1,
          1,
          1,
          null,
          null,
          null
        ]
      },
      "/home/matz/Documents/playground/Tech Assessments/SP Test - Ruby/ruby_app/lib/data_extractors/line.rb": {
        "lines": [
          null,
          null,
          1,
          null,
          1,
          null,
          null,
          1,
          null,
          516,
          1,
          515,
          514,
          null,
          null,
          null,
          1,
          516,
          516,
          516,
          516,
          null,
          null,
          1,
          1,
          1,
          null,
          null,
          1,
          516,
          null,
          null,
          1,
          516,
          null,
          null,
          1,
          516,
          null,
          null,
          1,
          516,
          516,
          null,
          null,
          1,
          146,
          146,
          null,
          null,
          1,
          515,
          null,
          null,
          1,
          null,
          514,
          514,
          null,
          null,
          1,
          1,
          1,
          null,
          null,
          null
        ]
      },
      "/home/matz/Documents/playground/Tech Assessments/SP Test - Ruby/ruby_app/spec/lib/file_handler_validations_spec.rb": {
        "lines": [
          null,
          null,
          1,
          1,
          null,
          null,
          1,
          1,
          5,
          5,
          5,
          null,
          1,
          5,
          null,
          1,
          1,
          null,
          null,
          1,
          1,
          1,
          null,
          null,
          1,
          1,
          1,
          null,
          null,
          1,
          1,
          1,
          null,
          null,
          null
        ]
      }
    },
    "timestamp": 1618758416
  }
}
